/home/kouichi/dev_ws/src/py_pubsub/install/py_pubsub/lib/python3.8/site-packages/py_pubsub/subscriber_member_function.py
/home/kouichi/dev_ws/src/py_pubsub/install/py_pubsub/lib/python3.8/site-packages/py_pubsub/publisher_member_function_old.py
/home/kouichi/dev_ws/src/py_pubsub/install/py_pubsub/lib/python3.8/site-packages/py_pubsub/__init__.py
/home/kouichi/dev_ws/src/py_pubsub/install/py_pubsub/lib/python3.8/site-packages/py_pubsub/manage.py
/home/kouichi/dev_ws/src/py_pubsub/install/py_pubsub/lib/python3.8/site-packages/py_pubsub/publisher_member_function.py
/home/kouichi/dev_ws/src/py_pubsub/install/py_pubsub/lib/python3.8/site-packages/py_pubsub/__pycache__/subscriber_member_function.cpython-38.pyc
/home/kouichi/dev_ws/src/py_pubsub/install/py_pubsub/lib/python3.8/site-packages/py_pubsub/__pycache__/publisher_member_function_old.cpython-38.pyc
/home/kouichi/dev_ws/src/py_pubsub/install/py_pubsub/lib/python3.8/site-packages/py_pubsub/__pycache__/__init__.cpython-38.pyc
/home/kouichi/dev_ws/src/py_pubsub/install/py_pubsub/lib/python3.8/site-packages/py_pubsub/__pycache__/manage.cpython-38.pyc
/home/kouichi/dev_ws/src/py_pubsub/install/py_pubsub/lib/python3.8/site-packages/py_pubsub/__pycache__/publisher_member_function.cpython-38.pyc
/home/kouichi/dev_ws/src/py_pubsub/install/py_pubsub/share/ament_index/resource_index/packages/py_pubsub
/home/kouichi/dev_ws/src/py_pubsub/install/py_pubsub/share/py_pubsub/package.xml
/home/kouichi/dev_ws/src/py_pubsub/install/py_pubsub/lib/python3.8/site-packages/py_pubsub-0.0.0-py3.8.egg-info/zip-safe
/home/kouichi/dev_ws/src/py_pubsub/install/py_pubsub/lib/python3.8/site-packages/py_pubsub-0.0.0-py3.8.egg-info/dependency_links.txt
/home/kouichi/dev_ws/src/py_pubsub/install/py_pubsub/lib/python3.8/site-packages/py_pubsub-0.0.0-py3.8.egg-info/top_level.txt
/home/kouichi/dev_ws/src/py_pubsub/install/py_pubsub/lib/python3.8/site-packages/py_pubsub-0.0.0-py3.8.egg-info/PKG-INFO
/home/kouichi/dev_ws/src/py_pubsub/install/py_pubsub/lib/python3.8/site-packages/py_pubsub-0.0.0-py3.8.egg-info/requires.txt
/home/kouichi/dev_ws/src/py_pubsub/install/py_pubsub/lib/python3.8/site-packages/py_pubsub-0.0.0-py3.8.egg-info/entry_points.txt
/home/kouichi/dev_ws/src/py_pubsub/install/py_pubsub/lib/python3.8/site-packages/py_pubsub-0.0.0-py3.8.egg-info/SOURCES.txt
/home/kouichi/dev_ws/src/py_pubsub/install/py_pubsub/lib/py_pubsub/listener
/home/kouichi/dev_ws/src/py_pubsub/install/py_pubsub/lib/py_pubsub/talker
